2019-12-16 15:36:50  [ restartedMain:0 ] - [ INFO ]  Multiple Spring Data modules found, entering strict repository configuration mode!
2019-12-16 15:36:50  [ restartedMain:7 ] - [ INFO ]  Bootstrapping Spring Data repositories in DEFAULT mode.
2019-12-16 15:36:50  [ restartedMain:54 ] - [ INFO ]  Finished Spring Data repository scanning in 33ms. Found 0 repository interfaces.
2019-12-16 15:36:53  [ restartedMain:3325 ] - [ WARN ]  [THYMELEAF][restartedMain] Template Mode 'LEGACYHTML5' is deprecated. Using Template Mode 'HTML' instead.
2019-12-16 15:36:54  [ restartedMain:3926 ] - [ INFO ]  Starting without optional epoll library
2019-12-16 15:36:54  [ restartedMain:3928 ] - [ INFO ]  Starting without optional kqueue library
2019-12-16 15:36:55  [ restartedMain:5063 ] - [ INFO ]  Context refreshed
2019-12-16 15:36:55  [ restartedMain:5092 ] - [ INFO ]  Found 1 custom documentation plugin(s)
2019-12-16 15:36:55  [ restartedMain:5182 ] - [ INFO ]  Scanning for api listing references
2019-12-16 15:37:00  [ pool-3-thread-1:9502 ] - [ INFO ]  ................定时调度任务-配置布隆过滤器...............
2019-12-16 15:37:00  [ pool-3-thread-1:9605 ] - [ INFO ]  {dataSource-1} inited
2019-12-16 15:37:00  [ pool-3-thread-1:10497 ] - [ INFO ]  数据库:database1,数据表:comments,数据量:5187
2019-12-16 15:37:01  [ pool-3-thread-1:10524 ] - [ INFO ]  {dataSource-2} inited
2019-12-16 15:37:01  [ pool-3-thread-1:10615 ] - [ INFO ]  数据库:database2,数据表:ums_member,数据量:8
2019-12-16 15:37:10  [ pool-3-thread-1:19501 ] - [ INFO ]  ................定时调度任务-配置布隆过滤器...............
2019-12-16 15:37:10  [ pool-3-thread-1:19576 ] - [ INFO ]  数据库:database1,数据表:comments,数据量:5187
2019-12-16 15:37:10  [ pool-3-thread-1:19584 ] - [ INFO ]  数据库:database2,数据表:ums_member,数据量:8
2019-12-16 15:37:14  [ http-nio-8080-exec-2:23873 ] - [ INFO ]  index页
2019-12-16 15:37:20  [ pool-3-thread-1:29502 ] - [ INFO ]  ................定时调度任务-配置布隆过滤器...............
2019-12-16 15:37:20  [ pool-3-thread-1:29567 ] - [ INFO ]  数据库:database1,数据表:comments,数据量:5187
2019-12-16 15:37:20  [ pool-3-thread-1:29573 ] - [ INFO ]  数据库:database2,数据表:ums_member,数据量:8
2019-12-16 15:37:30  [ pool-3-thread-1:39502 ] - [ INFO ]  ................定时调度任务-配置布隆过滤器...............
2019-12-16 15:37:30  [ pool-3-thread-1:39563 ] - [ INFO ]  数据库:database1,数据表:comments,数据量:5187
2019-12-16 15:37:30  [ pool-3-thread-1:39568 ] - [ INFO ]  数据库:database2,数据表:ums_member,数据量:8
2019-12-16 15:37:40  [ pool-3-thread-1:49501 ] - [ INFO ]  ................定时调度任务-配置布隆过滤器...............
2019-12-16 15:37:40  [ pool-3-thread-1:49572 ] - [ INFO ]  数据库:database1,数据表:comments,数据量:5187
2019-12-16 15:37:40  [ pool-3-thread-1:49580 ] - [ INFO ]  数据库:database2,数据表:ums_member,数据量:8
